  [1m[35m (0.5ms)[0m  [1m[35mCREATE DATABASE "ecommerce_development" ENCODING = 'unicode'[0m
  ↳ /home/aws/.rvm/gems/ruby-2.5.3/bin/rake:23
  [1m[35m (0.5ms)[0m  [1m[35mCREATE DATABASE "ecommerce_test" ENCODING = 'unicode'[0m
  ↳ /home/aws/.rvm/gems/ruby-2.5.3/bin/rake:23
  [1m[35m (1366.8ms)[0m  [1m[35mCREATE DATABASE "ecommerce_api_development" ENCODING = 'unicode'[0m
  ↳ /home/aws/.rvm/gems/ruby-2.5.3/bin/rake:23
  [1m[35m (591.9ms)[0m  [1m[35mCREATE DATABASE "ecommerce_api_test" ENCODING = 'unicode'[0m
  ↳ /home/aws/.rvm/gems/ruby-2.5.3/bin/rake:23
  [1m[35m (82.1ms)[0m  [1m[35mCREATE TABLE "schema_migrations" ("version" character varying NOT NULL PRIMARY KEY)[0m
  ↳ /home/aws/.rvm/gems/ruby-2.5.3/bin/rake:23
  [1m[35m (87.0ms)[0m  [1m[35mCREATE TABLE "ar_internal_metadata" ("key" character varying NOT NULL PRIMARY KEY, "value" character varying, "created_at" timestamp NOT NULL, "updated_at" timestamp NOT NULL)[0m
  ↳ /home/aws/.rvm/gems/ruby-2.5.3/bin/rake:23
  [1m[35m (0.3ms)[0m  [1m[34mSELECT pg_try_advisory_lock(4928942863329062550)[0m
  ↳ /home/aws/.rvm/gems/ruby-2.5.3/bin/rake:23
  [1m[35m (0.6ms)[0m  [1m[34mSELECT "schema_migrations"."version" FROM "schema_migrations" ORDER BY "schema_migrations"."version" ASC[0m
  ↳ /home/aws/.rvm/gems/ruby-2.5.3/bin/rake:23
Migrating to CreateProducts (20190329095023)
  [1m[35m (1.5ms)[0m  [1m[35mBEGIN[0m
  ↳ /home/aws/.rvm/gems/ruby-2.5.3/bin/rake:23
  [1m[35m (69.5ms)[0m  [1m[35mCREATE TABLE "products" ("id" bigserial primary key, "name" character varying, "price" character varying, "description" character varying, "category_id" integer, "stock" integer, "created_at" timestamp NOT NULL, "updated_at" timestamp NOT NULL)[0m
  ↳ db/migrate/20190329095023_create_products.rb:3
  [1m[36mActiveRecord::SchemaMigration Create (0.5ms)[0m  [1m[32mINSERT INTO "schema_migrations" ("version") VALUES ($1) RETURNING "version"[0m  [["version", "20190329095023"]]
  ↳ /home/aws/.rvm/gems/ruby-2.5.3/bin/rake:23
  [1m[35m (16.1ms)[0m  [1m[35mCOMMIT[0m
  ↳ /home/aws/.rvm/gems/ruby-2.5.3/bin/rake:23
Migrating to CreateCategories (20190329095116)
  [1m[35m (1.2ms)[0m  [1m[35mBEGIN[0m
  ↳ /home/aws/.rvm/gems/ruby-2.5.3/bin/rake:23
  [1m[35m (69.6ms)[0m  [1m[35mCREATE TABLE "categories" ("id" bigserial primary key, "name" character varying, "created_at" timestamp NOT NULL, "updated_at" timestamp NOT NULL)[0m
  ↳ db/migrate/20190329095116_create_categories.rb:3
  [1m[36mActiveRecord::SchemaMigration Create (0.3ms)[0m  [1m[32mINSERT INTO "schema_migrations" ("version") VALUES ($1) RETURNING "version"[0m  [["version", "20190329095116"]]
  ↳ /home/aws/.rvm/gems/ruby-2.5.3/bin/rake:23
  [1m[35m (17.8ms)[0m  [1m[35mCOMMIT[0m
  ↳ /home/aws/.rvm/gems/ruby-2.5.3/bin/rake:23
Migrating to CreateStocks (20190329095133)
  [1m[35m (1.7ms)[0m  [1m[35mBEGIN[0m
  ↳ /home/aws/.rvm/gems/ruby-2.5.3/bin/rake:23
  [1m[35m (36.2ms)[0m  [1m[35mCREATE TABLE "stocks" ("id" bigserial primary key, "value" integer, "created_at" timestamp NOT NULL, "updated_at" timestamp NOT NULL)[0m
  ↳ db/migrate/20190329095133_create_stocks.rb:3
  [1m[36mActiveRecord::SchemaMigration Create (0.3ms)[0m  [1m[32mINSERT INTO "schema_migrations" ("version") VALUES ($1) RETURNING "version"[0m  [["version", "20190329095133"]]
  ↳ /home/aws/.rvm/gems/ruby-2.5.3/bin/rake:23
  [1m[35m (17.1ms)[0m  [1m[35mCOMMIT[0m
  ↳ /home/aws/.rvm/gems/ruby-2.5.3/bin/rake:23
  [1m[36mActiveRecord::InternalMetadata Load (0.4ms)[0m  [1m[34mSELECT  "ar_internal_metadata".* FROM "ar_internal_metadata" WHERE "ar_internal_metadata"."key" = $1 LIMIT $2[0m  [["key", "environment"], ["LIMIT", 1]]
  ↳ /home/aws/.rvm/gems/ruby-2.5.3/bin/rake:23
  [1m[35m (0.1ms)[0m  [1m[35mBEGIN[0m
  ↳ /home/aws/.rvm/gems/ruby-2.5.3/bin/rake:23
  [1m[36mActiveRecord::InternalMetadata Create (0.5ms)[0m  [1m[32mINSERT INTO "ar_internal_metadata" ("key", "value", "created_at", "updated_at") VALUES ($1, $2, $3, $4) RETURNING "key"[0m  [["key", "environment"], ["value", "development"], ["created_at", "2019-03-29 09:52:47.548362"], ["updated_at", "2019-03-29 09:52:47.548362"]]
  ↳ /home/aws/.rvm/gems/ruby-2.5.3/bin/rake:23
  [1m[35m (2.6ms)[0m  [1m[35mCOMMIT[0m
  ↳ /home/aws/.rvm/gems/ruby-2.5.3/bin/rake:23
  [1m[35m (0.2ms)[0m  [1m[34mSELECT pg_advisory_unlock(4928942863329062550)[0m
  ↳ /home/aws/.rvm/gems/ruby-2.5.3/bin/rake:23
  [1m[35m (0.2ms)[0m  [1m[34mSELECT "schema_migrations"."version" FROM "schema_migrations" ORDER BY "schema_migrations"."version" ASC[0m
  ↳ /home/aws/.rvm/gems/ruby-2.5.3/bin/rake:23
  [1m[35m (0.2ms)[0m  [1m[35mBEGIN[0m
  [1m[36mProduct Create (0.7ms)[0m  [1m[32mINSERT INTO "products" ("name", "price", "description", "category_id", "stock", "created_at", "updated_at") VALUES ($1, $2, $3, $4, $5, $6, $7) RETURNING "id"[0m  [["name", "sample product"], ["price", "1000"], ["description", "sample description"], ["category_id", 1], ["stock", 10], ["created_at", "2019-03-29 09:57:04.298012"], ["updated_at", "2019-03-29 09:57:04.298012"]]
  [1m[35m (10.6ms)[0m  [1m[35mCOMMIT[0m
Started GET "/" for ::1 at 2019-03-29 14:57:56 +0500
  [1m[35m (0.7ms)[0m  [1m[34mSELECT "schema_migrations"."version" FROM "schema_migrations" ORDER BY "schema_migrations"."version" ASC[0m
  ↳ /home/aws/.rvm/gems/ruby-2.5.3/gems/activerecord-5.2.3/lib/active_record/log_subscriber.rb:98
Processing by Rails::WelcomeController#index as HTML
  Rendering /home/aws/.rvm/gems/ruby-2.5.3/gems/railties-5.2.3/lib/rails/templates/rails/welcome/index.html.erb
  Rendered /home/aws/.rvm/gems/ruby-2.5.3/gems/railties-5.2.3/lib/rails/templates/rails/welcome/index.html.erb (3.0ms)
Completed 200 OK in 12ms (Views: 11.3ms | ActiveRecord: 0.0ms)


Started GET "/favicon.ico" for ::1 at 2019-03-29 14:57:56 +0500
  
ActionController::RoutingError (No route matches [GET] "/favicon.ico"):
  
actionpack (5.2.3) lib/action_dispatch/middleware/debug_exceptions.rb:65:in `call'
actionpack (5.2.3) lib/action_dispatch/middleware/show_exceptions.rb:33:in `call'
railties (5.2.3) lib/rails/rack/logger.rb:38:in `call_app'
railties (5.2.3) lib/rails/rack/logger.rb:26:in `block in call'
activesupport (5.2.3) lib/active_support/tagged_logging.rb:71:in `block in tagged'
activesupport (5.2.3) lib/active_support/tagged_logging.rb:28:in `tagged'
activesupport (5.2.3) lib/active_support/tagged_logging.rb:71:in `tagged'
railties (5.2.3) lib/rails/rack/logger.rb:26:in `call'
actionpack (5.2.3) lib/action_dispatch/middleware/remote_ip.rb:81:in `call'
actionpack (5.2.3) lib/action_dispatch/middleware/request_id.rb:27:in `call'
rack (2.0.6) lib/rack/runtime.rb:22:in `call'
activesupport (5.2.3) lib/active_support/cache/strategy/local_cache_middleware.rb:29:in `call'
actionpack (5.2.3) lib/action_dispatch/middleware/executor.rb:14:in `call'
actionpack (5.2.3) lib/action_dispatch/middleware/static.rb:127:in `call'
rack (2.0.6) lib/rack/sendfile.rb:111:in `call'
railties (5.2.3) lib/rails/engine.rb:524:in `call'
puma (3.12.1) lib/puma/configuration.rb:227:in `call'
puma (3.12.1) lib/puma/server.rb:660:in `handle_request'
puma (3.12.1) lib/puma/server.rb:474:in `process_client'
puma (3.12.1) lib/puma/server.rb:334:in `block in run'
puma (3.12.1) lib/puma/thread_pool.rb:135:in `block in spawn_thread'
Started GET "/v1/products" for ::1 at 2019-03-29 14:58:03 +0500
  
ActionController::RoutingError (No route matches [GET] "/v1/products"):
  
actionpack (5.2.3) lib/action_dispatch/middleware/debug_exceptions.rb:65:in `call'
actionpack (5.2.3) lib/action_dispatch/middleware/show_exceptions.rb:33:in `call'
railties (5.2.3) lib/rails/rack/logger.rb:38:in `call_app'
railties (5.2.3) lib/rails/rack/logger.rb:26:in `block in call'
activesupport (5.2.3) lib/active_support/tagged_logging.rb:71:in `block in tagged'
activesupport (5.2.3) lib/active_support/tagged_logging.rb:28:in `tagged'
activesupport (5.2.3) lib/active_support/tagged_logging.rb:71:in `tagged'
railties (5.2.3) lib/rails/rack/logger.rb:26:in `call'
actionpack (5.2.3) lib/action_dispatch/middleware/remote_ip.rb:81:in `call'
actionpack (5.2.3) lib/action_dispatch/middleware/request_id.rb:27:in `call'
rack (2.0.6) lib/rack/runtime.rb:22:in `call'
activesupport (5.2.3) lib/active_support/cache/strategy/local_cache_middleware.rb:29:in `call'
actionpack (5.2.3) lib/action_dispatch/middleware/executor.rb:14:in `call'
actionpack (5.2.3) lib/action_dispatch/middleware/static.rb:127:in `call'
rack (2.0.6) lib/rack/sendfile.rb:111:in `call'
railties (5.2.3) lib/rails/engine.rb:524:in `call'
puma (3.12.1) lib/puma/configuration.rb:227:in `call'
puma (3.12.1) lib/puma/server.rb:660:in `handle_request'
puma (3.12.1) lib/puma/server.rb:474:in `process_client'
puma (3.12.1) lib/puma/server.rb:334:in `block in run'
puma (3.12.1) lib/puma/thread_pool.rb:135:in `block in spawn_thread'
Started GET "/v1/products" for ::1 at 2019-03-29 14:58:24 +0500
Processing by V1::ProductsController#index as HTML
  [1m[36mProduct Load (1.5ms)[0m  [1m[34mSELECT "products".* FROM "products"[0m
  ↳ app/controllers/v1/products_controller.rb:4
Completed 200 OK in 19ms (Views: 11.0ms | ActiveRecord: 5.4ms)


Started GET "/v1/products/1" for ::1 at 2019-03-29 15:01:37 +0500
Processing by V1::ProductsController#show as HTML
  Parameters: {"id"=>"1"}
  [1m[36mProduct Load (0.2ms)[0m  [1m[34mSELECT  "products".* FROM "products" WHERE "products"."id" = $1 LIMIT $2[0m  [["id", 1], ["LIMIT", 1]]
  ↳ app/controllers/v1/products_controller.rb:8
Completed 500 Internal Server Error in 127ms (ActiveRecord: 3.4ms)


  
NameError (undefined local variable or method `product' for #<V1::ProductsController:0x00005649fb518560>
Did you mean?  proc):
  
app/controllers/v1/products_controller.rb:9:in `show'
Started GET "/v1/products/1" for ::1 at 2019-03-29 15:01:49 +0500
Processing by V1::ProductsController#show as HTML
  Parameters: {"id"=>"1"}
  [1m[36mProduct Load (0.3ms)[0m  [1m[34mSELECT  "products".* FROM "products" WHERE "products"."id" = $1 LIMIT $2[0m  [["id", 1], ["LIMIT", 1]]
  ↳ app/controllers/v1/products_controller.rb:8
Completed 200 OK in 16ms (Views: 0.4ms | ActiveRecord: 5.0ms)


